#####S####
#XXX:X::X#
#:X::X::X#
#:X::X::X#
#:X::X::X#
#:X::X::X#
#:X::X::X#
#:X::X::X#
#:X::X::X#
#:X::X::X#
#:X::X::X#
#:X::X::X#
#:X::X::X#
##########

#####S#
#XX::X#
#:X::X#
#:X::X#
#######

######S#
#:X::XX#
#XXXXXX#
#:X::X:#
#:X::X:#
#XXXXXX#
#:X::::#
#:X::::#
#:X::::#
#:X::::#
#:X::::#
########

#S############
#XX::X:::::::#
#XXXXXXXXXXXX#
#:X::X:::::::#
#:X::X:::::::#
#XXXXXXXXXXXX#
#:X::X:::::::#
#:X::::::::::#
##############

####S#
#:X:X#
#XXXX#
#:X::#
#:X:X#
#:X:X#
#:X::#
######

#S#######
#XX::X::#
#XXXXXXX#
#:X::X::#
#:X::X:X#
#:X::X:X#
#:X::X:X#
#:X::X:X#
#:X::X::#
#:X::X::#
#:X::X::#
#:X::X::#
#:X::X::#
#########

#######S#####
#:X::X:XX::X#
#:X::X:XX::X#
#:X::X::X:::#
#############

#######S##
#:X::X:XX#
#:X::X:XX#
#:X::X::X#
#:X::X::X#
#:X::X::X#
#:X::X::X#
#:X::X::X#
#:X::X::X#
#:X::X::X#
#:X::X::X#
#:X::X::X#
#:X::X:::#
##########

####S###########
#:X:XX::X::X::X#
#:X:XX::X::X::X#
#:X::X::X::X::X#
#:X::X::X::X::X#
#:X::X::X::X::X#
#:X::X::X::X::X#
################

######S#
#:X::XX#
#:X::XX#
#:X::X:#
########

##S#####
#:X::::#
#XXXXXX#
#:X::::#
#:X::::#
#XXXXXX#
#:X::::#
#:X::::#
#XXXXXX#
#:X::::#
#:X::::#
#:X::::#
#:X::::#
########

#S###########
#XX::X::X::X#
#XX::X::X::X#
#:X::X::X::X#
#:X::X::X::X#
#:X::X::X::X#
#:X::X::X::X#
#:X::X::X::X#
#:X::X::X::X#
#:X::X::X::X#
#:X::X::X::X#
#:X::X::X::X#
#:X::X::X::X#
#############

#####S#########
#:X::X::X::X:X#
#:X::X::X::X:X#
#:X::X::X::X:X#
#:X::X::X::X:X#
#:X::X::X::X:X#
#:X::X::X::X:X#
###############

###S#
#:XX#
#:XX#
#:X:#
#:X:#
#:X:#
#:X:#
#:X:#
#####

######S#######
#:X::XX:X::::#
#XXXXXXXXXXXX#
#:X::X:::::::#
#:X::X:::::::#
#XXXXXXXXXXXX#
#:X::X:::::::#
#:X::X:::::::#
#:X::X:::::::#
##############

########S#####
#:X::X::X::::#
#XXXXXXXXXXXX#
#:X::X::X::::#
#:X::X::X::::#
##############

######S####
#:X::XX:X:#
#XXXXXXXXX#
#:X::X::X:#
#:X::X::::#
#:X::X::::#
#:X::X::::#
###########

#####S########
#:X::X:::::::#
#XXXXXXXXXXXX#
#:X::X:::::::#
#:X::X:::::::#
#XXXXXXXXXXXX#
#:X::::::::::#
#:X::::::::::#
#XXXXXXXXXXXX#
#:X::::::::::#
#:X::::::::::#
#XXXXXXXXXXXX#
#:X::::::::::#
#:X::::::::::#
#:X::::::::::#
##############

##S##
#XX:#
#:X:#
#:X:#
#:X:#
#:X:#
#:X:#
#:X:#
#####

#######S#
#:X::X:X#
#XXXXXXX#
#:X::X::#
#:X::X::#
#:X::X::#
#:X::X::#
#########
